{"/mnt/Storage/Documents/Coding/SoC/projects/workshops/w16_make-your-own-codewars-gschandan/main.js": {"path":"/mnt/Storage/Documents/Coding/SoC/projects/workshops/w16_make-your-own-codewars-gschandan/main.js","statementMap":{"0":{"start":{"line":32,"column":23},"end":{"line":45,"column":1}},"1":{"start":{"line":33,"column":4},"end":{"line":36,"column":44}},"2":{"start":{"line":36,"column":10},"end":{"line":36,"column":44}},"3":{"start":{"line":37,"column":16},"end":{"line":37,"column":27}},"4":{"start":{"line":39,"column":4},"end":{"line":39,"column":38}},"5":{"start":{"line":39,"column":21},"end":{"line":39,"column":38}},"6":{"start":{"line":40,"column":4},"end":{"line":40,"column":37}},"7":{"start":{"line":40,"column":28},"end":{"line":40,"column":37}},"8":{"start":{"line":41,"column":4},"end":{"line":41,"column":37}},"9":{"start":{"line":41,"column":28},"end":{"line":41,"column":37}},"10":{"start":{"line":43,"column":4},"end":{"line":43,"column":70}},"11":{"start":{"line":44,"column":4},"end":{"line":44,"column":21}},"12":{"start":{"line":47,"column":0},"end":{"line":49,"column":1}}},"fnMap":{"0":{"name":"(anonymous_0)","decl":{"start":{"line":32,"column":23},"end":{"line":32,"column":24}},"loc":{"start":{"line":32,"column":40},"end":{"line":45,"column":1}},"line":32}},"branchMap":{"0":{"loc":{"start":{"line":32,"column":29},"end":{"line":32,"column":36}},"type":"default-arg","locations":[{"start":{"line":32,"column":34},"end":{"line":32,"column":36}}],"line":32},"1":{"loc":{"start":{"line":33,"column":4},"end":{"line":36,"column":44}},"type":"if","locations":[{"start":{"line":33,"column":4},"end":{"line":36,"column":44}},{"start":{"line":33,"column":4},"end":{"line":36,"column":44}}],"line":33},"2":{"loc":{"start":{"line":34,"column":8},"end":{"line":35,"column":46}},"type":"binary-expr","locations":[{"start":{"line":34,"column":8},"end":{"line":34,"column":29}},{"start":{"line":34,"column":33},"end":{"line":34,"column":54}},{"start":{"line":35,"column":8},"end":{"line":35,"column":16}},{"start":{"line":35,"column":20},"end":{"line":35,"column":28}},{"start":{"line":35,"column":32},"end":{"line":35,"column":37}},{"start":{"line":35,"column":41},"end":{"line":35,"column":46}}],"line":34},"3":{"loc":{"start":{"line":39,"column":4},"end":{"line":39,"column":38}},"type":"if","locations":[{"start":{"line":39,"column":4},"end":{"line":39,"column":38}},{"start":{"line":39,"column":4},"end":{"line":39,"column":38}}],"line":39},"4":{"loc":{"start":{"line":40,"column":4},"end":{"line":40,"column":37}},"type":"if","locations":[{"start":{"line":40,"column":4},"end":{"line":40,"column":37}},{"start":{"line":40,"column":4},"end":{"line":40,"column":37}}],"line":40},"5":{"loc":{"start":{"line":40,"column":8},"end":{"line":40,"column":26}},"type":"binary-expr","locations":[{"start":{"line":40,"column":8},"end":{"line":40,"column":15}},{"start":{"line":40,"column":19},"end":{"line":40,"column":26}}],"line":40},"6":{"loc":{"start":{"line":41,"column":4},"end":{"line":41,"column":37}},"type":"if","locations":[{"start":{"line":41,"column":4},"end":{"line":41,"column":37}},{"start":{"line":41,"column":4},"end":{"line":41,"column":37}}],"line":41},"7":{"loc":{"start":{"line":41,"column":8},"end":{"line":41,"column":26}},"type":"binary-expr","locations":[{"start":{"line":41,"column":8},"end":{"line":41,"column":15}},{"start":{"line":41,"column":19},"end":{"line":41,"column":26}}],"line":41}},"s":{"0":1,"1":3956,"2":6,"3":3950,"4":3950,"5":1714,"6":2236,"7":245,"8":1991,"9":21,"10":1970,"11":1967,"12":1},"f":{"0":3956},"b":{"0":[19],"1":[6,3950],"2":[3956,3953,3953,3952,3952,3950],"3":[1714,2236],"4":[245,1991],"5":[2236,2093],"6":[21,1970],"7":[1991,162]},"_coverageSchema":"1a1c01bbd47fc00a2c39e90264f33305004495a9","hash":"770d9fc4994a83dd94baea81f36d85a9b5b397d3"}
}
