TN:
SF:main.js
FN:32,(anonymous_0)
FNF:1
FNH:1
FNDA:3956,(anonymous_0)
DA:32,1
DA:33,3956
DA:36,6
DA:37,3950
DA:39,3950
DA:40,2236
DA:41,1991
DA:43,1970
DA:44,1967
DA:47,1
LF:10
LH:10
BRDA:32,0,0,19
BRDA:33,1,0,6
BRDA:33,1,1,3950
BRDA:34,2,0,3956
BRDA:34,2,1,3953
BRDA:34,2,2,3953
BRDA:34,2,3,3952
BRDA:34,2,4,3952
BRDA:34,2,5,3950
BRDA:39,3,0,1714
BRDA:39,3,1,2236
BRDA:40,4,0,245
BRDA:40,4,1,1991
BRDA:40,5,0,2236
BRDA:40,5,1,2093
BRDA:41,6,0,21
BRDA:41,6,1,1970
BRDA:41,7,0,1991
BRDA:41,7,1,162
BRF:19
BRH:19
end_of_record
